<?xml version="1.0" encoding="UTF-8"?>
<!-- Generated by org.testng.reporters.JUnitXMLReporter -->
<testsuite ignored="0" hostname="DESKTOP-44VVFN8" failures="1" tests="1" name="Test" time="49.779" errors="0" timestamp="2025-05-04T09:24:37 IST">
  <testcase classname="com.medimention.testCases.TC_001_Registration" name="account_Register" time="32.808">
    <failure type="java.lang.AssertionError" message="expected [true] but found [false]">
      <![CDATA[java.lang.AssertionError: expected [true] but found [false]
at com.medimention.testCases.TC_001_Registration.account_Register(TC_001_Registration.java:40)
at java.base/java.util.ArrayList.forEach(ArrayList.java:1597)
... Removed 33 stack frames]]>
    </failure>
  </testcase> <!-- account_Register -->
</testsuite> <!-- Test -->
