<?xml version="1.0" encoding="UTF-8"?>
<testng-results ignored="0" total="1" passed="1" failed="0" skipped="0">
  <reporter-output>
  </reporter-output>
  <suite started-at="2025-05-04T08:55:15 IST" name="Suite" finished-at="2025-05-04T08:55:46 IST" duration-ms="30137">
    <groups>
      <group name="Regression">
        <method signature="TC_001_Registration.account_Register()[pri:0, instance:com.medimention.testCases.TC_001_Registration@38afe297]" name="account_Register" class="com.medimention.testCases.TC_001_Registration"/>
      </group> <!-- Regression -->
    </groups>
    <test started-at="2025-05-04T08:55:15 IST" name="Test" finished-at="2025-05-04T08:55:46 IST" duration-ms="30137">
      <class name="com.medimention.testCases.TC_001_Registration">
        <test-method is-config="true" signature="setUp(java.lang.String,java.lang.String)[pri:0, instance:com.medimention.testCases.TC_001_Registration@38afe297]" started-at="2025-05-04T08:55:16 IST" name="setUp" finished-at="2025-05-04T08:55:33 IST" duration-ms="17356" status="PASS">
          <params>
            <param index="0">
              <value>
                <![CDATA[windows]]>
              </value>
            </param>
            <param index="1">
              <value>
                <![CDATA[chrome]]>
              </value>
            </param>
          </params>
          <reporter-output>
          </reporter-output>
        </test-method> <!-- setUp -->
        <test-method signature="account_Register()[pri:0, instance:com.medimention.testCases.TC_001_Registration@38afe297]" started-at="2025-05-04T08:55:33 IST" name="account_Register" finished-at="2025-05-04T08:55:46 IST" duration-ms="12136" status="PASS">
          <reporter-output>
          </reporter-output>
        </test-method> <!-- account_Register -->
      </class> <!-- com.medimention.testCases.TC_001_Registration -->
    </test> <!-- Test -->
  </suite> <!-- Suite -->
</testng-results>
